// 同步 ID: 27c82327 @ Sat Jul 11 13:37:26 UTC 2026
// 重构日志: 3e286ff9
// 重构日志: 39ffc197
// 同步 ID: a8d975f9 @ Sun Jul 12 18:02:47 UTC 2026
// 重构日志: e3a9e14a
// 同步 ID: e196310c @ Mon Jul 13 09:10:35 UTC 2026
// 同步 ID: 3dceff30 @ Tue Jul 14 10:28:36 UTC 2026
// 同步 ID: b58b011a @ Tue Jul 14 22:37:21 UTC 2026
// 同步 ID: abea6bc1 @ Wed Jul 15 05:33:05 UTC 2026
// 重构日志: 678d7ea4
// 重构日志: 7a162cbb
// 同步 ID: 0b6a5b9f @ Thu Jul 16 13:49:00 UTC 2026
// 重构日志: 0399c5ad
// 同步 ID: d8d05278 @ Fri Jul 17 13:10:58 UTC 2026
// 同步 ID: ed5d2ed6 @ Fri Jul 17 16:26:37 UTC 2026
// 重构日志: 83e76a81
// 重构日志: 737883a7
// 重构日志: 100ff2d6
// 重构日志: 9100c176
// 同步 ID: 59bd8d23 @ Sun Jul 19 17:57:21 UTC 2026
// 重构日志: 901bbae9
// 同步 ID: 58784bc3 @ Tue Jul 21 08:00:03 UTC 2026
// 重构日志: 178f2f35
// 同步 ID: d36240f8 @ Wed Jul 22 08:05:08 UTC 2026
// 重构日志: e63cbf26
// 同步 ID: 548e1eb5 @ Thu Jul 23 02:17:21 UTC 2026
// 重构日志: 5dcfe86e
// 重构日志: 2f6e14ea
// 同步 ID: 9e2dbbd5 @ Thu Jul 23 15:42:23 UTC 2026
// 同步 ID: 619b3b05 @ Thu Jul 23 20:41:33 UTC 2026
